生成启动时间为 2018/1/1 22:08:20。
     1>项目“G:\workdoc\VS\book\book\book.vcxproj”在节点 2 上(rebuild 个目标)。
     1>_PrepareForClean:
         正在删除文件“Debug\book.lastbuildstate”。
       InitializeBuildStatus:
         正在创建“Debug\book.unsuccessfulbuild”，因为已指定“AlwaysCreate”。
       ClCompile:
         C:\Program Files (x86)\Microsoft Visual Studio 10.0\VC\bin\CL.exe /c /ZI /nologo /W3 /WX- /Od /Oy- /D WIN32 /D _DEBUG /D _CONSOLE /D _UNICODE /D UNICODE /Gm /EHsc /RTC1 /MDd /GS /fp:precise /Zc:wchar_t /Zc:forScope /Fo"Debug\\" /Fd"Debug\vc100.pdb" /Gd /TP /analyze- /errorReport:prompt main.cpp yacht.cpp
         yacht.cpp
         main.cpp
         正在生成代码...
       ManifestResourceCompile:
         C:\Program Files (x86)\Microsoft SDKs\Windows\v7.0A\bin\rc.exe /nologo /fo"Debug\book.exe.embed.manifest.res" Debug\book_manifest.rc 
       Link:
         C:\Program Files (x86)\Microsoft Visual Studio 10.0\VC\bin\link.exe /ERRORREPORT:PROMPT /OUT:"G:\workdoc\VS\book\Debug\book.exe" /INCREMENTAL /NOLOGO kernel32.lib user32.lib gdi32.lib winspool.lib comdlg32.lib advapi32.lib shell32.lib ole32.lib oleaut32.lib uuid.lib odbc32.lib odbccp32.lib /MANIFEST /ManifestFile:"Debug\book.exe.intermediate.manifest" /MANIFESTUAC:"level='asInvoker' uiAccess='false'" /DEBUG /PDB:"G:\workdoc\VS\book\Debug\book.pdb" /SUBSYSTEM:CONSOLE /TLBID:1 /DYNAMICBASE /NXCOMPAT /IMPLIB:"G:\workdoc\VS\book\Debug\book.lib" /MACHINE:X86 Debug\book.exe.embed.manifest.res
         Debug\main.obj
         Debug\yacht.obj
       Manifest:
         正在删除文件“Debug\book.exe.embed.manifest”。
         C:\Program Files (x86)\Microsoft SDKs\Windows\v7.0A\bin\mt.exe /nologo /verbose /out:"Debug\book.exe.embed.manifest" /manifest Debug\book.exe.intermediate.manifest
         C:\Program Files (x86)\Microsoft SDKs\Windows\v7.0A\bin\rc.exe /nologo /fo"Debug\book.exe.embed.manifest.res" Debug\book_manifest.rc 
       LinkEmbedManifest:
         C:\Program Files (x86)\Microsoft Visual Studio 10.0\VC\bin\link.exe /ERRORREPORT:PROMPT /OUT:"G:\workdoc\VS\book\Debug\book.exe" /INCREMENTAL /NOLOGO kernel32.lib user32.lib gdi32.lib winspool.lib comdlg32.lib advapi32.lib shell32.lib ole32.lib oleaut32.lib uuid.lib odbc32.lib odbccp32.lib /MANIFEST /ManifestFile:"Debug\book.exe.intermediate.manifest" /MANIFESTUAC:"level='asInvoker' uiAccess='false'" /DEBUG /PDB:"G:\workdoc\VS\book\Debug\book.pdb" /SUBSYSTEM:CONSOLE /TLBID:1 /DYNAMICBASE /NXCOMPAT /IMPLIB:"G:\workdoc\VS\book\Debug\book.lib" /MACHINE:X86 Debug\book.exe.embed.manifest.res
         Debug\main.obj
         Debug\yacht.obj
         book.vcxproj -> G:\workdoc\VS\book\Debug\book.exe
       FinalizeBuildStatus:
         正在删除文件“Debug\book.unsuccessfulbuild”。
         正在对“Debug\book.lastbuildstate”执行 Touch 任务。
     1>已完成生成项目“G:\workdoc\VS\book\book\book.vcxproj”(rebuild 个目标)的操作。

生成成功。

已用时间 00:00:02.42
