G:\WORKDOC\VS\BOOK\BOOK\DEBUG\BOOK.EXE.EMBED.MANIFEST
G:\WORKDOC\VS\BOOK\BOOK\DEBUG\BOOK.EXE.EMBED.MANIFEST.RES
G:\WORKDOC\VS\BOOK\BOOK\DEBUG\BOOK.EXE.INTERMEDIATE.MANIFEST
G:\workdoc\VS\book\book\Debug\book.write.1.tlog
G:\workdoc\VS\book\book\Debug\book_manifest.rc
G:\workdoc\VS\book\book\Debug\cl.command.1.tlog
G:\workdoc\VS\book\book\Debug\CL.read.1.tlog
G:\workdoc\VS\book\book\Debug\CL.write.1.tlog
G:\workdoc\VS\book\book\Debug\link.272.read.1.tlog
G:\workdoc\VS\book\book\Debug\link.272.write.1.tlog
G:\workdoc\VS\book\book\Debug\link.272-cvtres.read.1.tlog
G:\workdoc\VS\book\book\Debug\link.272-cvtres.write.1.tlog
G:\workdoc\VS\book\book\Debug\link.command.1.tlog
G:\workdoc\VS\book\book\Debug\link.read.1.tlog
G:\workdoc\VS\book\book\Debug\link.write.1.tlog
G:\workdoc\VS\book\book\Debug\link-cvtres.read.1.tlog
G:\workdoc\VS\book\book\Debug\link-cvtres.write.1.tlog
G:\WORKDOC\VS\BOOK\BOOK\DEBUG\MAIN.OBJ
G:\workdoc\VS\book\book\Debug\mt.command.1.tlog
G:\workdoc\VS\book\book\Debug\mt.read.1.tlog
G:\workdoc\VS\book\book\Debug\mt.write.1.tlog
G:\workdoc\VS\book\book\Debug\rc.command.1.tlog
G:\workdoc\VS\book\book\Debug\rc.read.1.tlog
G:\workdoc\VS\book\book\Debug\rc.write.1.tlog
G:\workdoc\VS\book\book\Debug\vc100.idb
G:\WORKDOC\VS\BOOK\BOOK\DEBUG\VC100.PDB
G:\WORKDOC\VS\BOOK\BOOK\DEBUG\YACHT.OBJ
G:\WORKDOC\VS\BOOK\DEBUG\BOOK.EXE
G:\WORKDOC\VS\BOOK\DEBUG\BOOK.ILK
G:\WORKDOC\VS\BOOK\DEBUG\BOOK.PDB
